<?xml version="1.0" encoding="UTF-8" ?>
<testsuite tests="3" failures="0" name="auction.service.JPARegistrationMgrTest" time="0.108" errors="2" skipped="0">
  <properties>
[...]
</properties>
  <testcase classname="auction.service.JPARegistrationMgrTest" name="registerUser" time="0.001"/>
  <testcase classname="auction.service.JPARegistrationMgrTest" name="getUser" time="0.001">
    <error type="java.lang.NullPointerException">java.lang.NullPointerException
	at org.eclipse.persistence.internal.jpa.EntityManagerImpl.getActivePersistenceContext(EntityManagerImpl.java:1931)
	at org.eclipse.persistence.internal.jpa.transaction.EntityTransactionImpl.begin(EntityTransactionImpl.java:93)
	at util.DatabaseCleaner.clean(DatabaseCleaner.java:29)
	at auction.service.JPARegistrationMgrTest.getUser(JPARegistrationMgrTest.java:54)
	at sun.reflect.NativeMethodAccessorImpl.invoke0(Native Method)
	at sun.reflect.NativeMethodAccessorImpl.invoke(NativeMethodAccessorImpl.java:62)
	at sun.reflect.DelegatingMethodAccessorImpl.invoke(DelegatingMethodAccessorImpl.java:43)
	at java.lang.reflect.Method.invoke(Method.java:497)
	at org.junit.runners.model.FrameworkMethod$1.runReflectiveCall(FrameworkMethod.java:47)
	at org.junit.internal.runners.model.ReflectiveCallable.run(ReflectiveCallable.java:12)
	at org.junit.runners.model.FrameworkMethod.invokeExplosively(FrameworkMethod.java:44)
	at org.junit.internal.runners.statements.InvokeMethod.evaluate(InvokeMethod.java:17)
	at org.junit.internal.runners.statements.RunBefores.evaluate(RunBefores.java:26)
	at org.junit.runners.ParentRunner.runLeaf(ParentRunner.java:271)
	at org.junit.runners.BlockJUnit4ClassRunner.runChild(BlockJUnit4ClassRunner.java:70)
	at org.junit.runners.BlockJUnit4ClassRunner.runChild(BlockJUnit4ClassRunner.java:50)
	at org.junit.runners.ParentRunner$3.run(ParentRunner.java:238)
	at org.junit.runners.ParentRunner$1.schedule(ParentRunner.java:63)
	at org.junit.runners.ParentRunner.runChildren(ParentRunner.java:236)
	at org.junit.runners.ParentRunner.access$000(ParentRunner.java:53)
	at org.junit.runners.ParentRunner$2.evaluate(ParentRunner.java:229)
	at org.junit.runners.ParentRunner.run(ParentRunner.java:309)
	at org.apache.maven.surefire.junit4.JUnit4TestSet.execute(JUnit4TestSet.java:53)
	at org.apache.maven.surefire.junit4.JUnit4Provider.executeTestSet(JUnit4Provider.java:123)
	at org.apache.maven.surefire.junit4.JUnit4Provider.invoke(JUnit4Provider.java:104)
	at sun.reflect.NativeMethodAccessorImpl.invoke0(Native Method)
	at sun.reflect.NativeMethodAccessorImpl.invoke(NativeMethodAccessorImpl.java:62)
	at sun.reflect.DelegatingMethodAccessorImpl.invoke(DelegatingMethodAccessorImpl.java:43)
	at java.lang.reflect.Method.invoke(Method.java:497)
	at org.apache.maven.surefire.util.ReflectionUtils.invokeMethodWithArray(ReflectionUtils.java:164)
	at org.apache.maven.surefire.booter.ProviderFactory$ProviderProxy.invoke(ProviderFactory.java:110)
	at org.apache.maven.surefire.booter.SurefireStarter.invokeProvider(SurefireStarter.java:175)
	at org.apache.maven.surefire.booter.SurefireStarter.runSuitesInProcessWhenForked(SurefireStarter.java:107)
	at org.apache.maven.surefire.booter.ForkedBooter.main(ForkedBooter.java:68)
</error>
    <system-out>[EL Fine]: sql: 2016-05-29 21:54:19.299--ClientSession(1733520096)--Connection(1152342155)--Thread(Thread[main,5,main])--SET FOREIGN_KEY_CHECKS=0;
[EL Fine]: sql: 2016-05-29 21:54:19.3--ClientSession(1733520096)--Connection(1152342155)--Thread(Thread[main,5,main])--DELETE FROM USER
[EL Fine]: sql: 2016-05-29 21:54:19.304--ClientSession(1733520096)--Connection(1152342155)--Thread(Thread[main,5,main])--DELETE FROM ITEM
[EL Fine]: sql: 2016-05-29 21:54:19.305--ClientSession(1733520096)--Connection(1152342155)--Thread(Thread[main,5,main])--DELETE FROM CATEGORY
[EL Fine]: sql: 2016-05-29 21:54:19.306--ClientSession(1733520096)--Connection(1152342155)--Thread(Thread[main,5,main])--DELETE FROM BID
[EL Fine]: sql: 2016-05-29 21:54:19.307--ClientSession(1733520096)--Connection(1152342155)--Thread(Thread[main,5,main])--SET FOREIGN_KEY_CHECKS=1;
[EL Fine]: sql: 2016-05-29 21:54:19.312--ServerSession(445288316)--Connection(1152342155)--Thread(Thread[main,5,main])--SELECT EMAIL FROM USER WHERE (EMAIL = ?)
	bind =&gt; [xxx5@yyy5]
[EL Fine]: sql: 2016-05-29 21:54:19.314--ServerSession(445288316)--Connection(1152342155)--Thread(Thread[main,5,main])--SELECT EMAIL FROM USER WHERE (EMAIL = ?)
	bind =&gt; [xxx5@yyy5]
[EL Fine]: sql: 2016-05-29 21:54:19.316--ClientSession(1088327571)--Connection(1152342155)--Thread(Thread[main,5,main])--INSERT INTO USER (EMAIL) VALUES (?)
	bind =&gt; [xxx5@yyy5]
[EL Fine]: sql: 2016-05-29 21:54:19.321--ServerSession(445288316)--Connection(1152342155)--Thread(Thread[main,5,main])--SELECT EMAIL FROM USER WHERE (EMAIL = ?)
	bind =&gt; [aaa4@bb5]
[EL Fine]: sql: 2016-05-29 21:54:19.323--ServerSession(445288316)--Connection(1152342155)--Thread(Thread[main,5,main])--SELECT EMAIL FROM USER WHERE (EMAIL = ?)
	bind =&gt; [abc]
</system-out>
  </testcase>
  <testcase classname="auction.service.JPARegistrationMgrTest" name="getUsers" time="0.005">
    <error type="java.lang.NullPointerException">java.lang.NullPointerException
	at org.eclipse.persistence.internal.jpa.EntityManagerImpl.getActivePersistenceContext(EntityManagerImpl.java:1931)
	at org.eclipse.persistence.internal.jpa.transaction.EntityTransactionImpl.begin(EntityTransactionImpl.java:93)
	at util.DatabaseCleaner.clean(DatabaseCleaner.java:29)
	at auction.service.JPARegistrationMgrTest.getUsers(JPARegistrationMgrTest.java:79)
	at sun.reflect.NativeMethodAccessorImpl.invoke0(Native Method)
	at sun.reflect.NativeMethodAccessorImpl.invoke(NativeMethodAccessorImpl.java:62)
	at sun.reflect.DelegatingMethodAccessorImpl.invoke(DelegatingMethodAccessorImpl.java:43)
	at java.lang.reflect.Method.invoke(Method.java:497)
	at org.junit.runners.model.FrameworkMethod$1.runReflectiveCall(FrameworkMethod.java:47)
	at org.junit.internal.runners.model.ReflectiveCallable.run(ReflectiveCallable.java:12)
	at org.junit.runners.model.FrameworkMethod.invokeExplosively(FrameworkMethod.java:44)
	at org.junit.internal.runners.statements.InvokeMethod.evaluate(InvokeMethod.java:17)
	at org.junit.internal.runners.statements.RunBefores.evaluate(RunBefores.java:26)
	at org.junit.runners.ParentRunner.runLeaf(ParentRunner.java:271)
	at org.junit.runners.BlockJUnit4ClassRunner.runChild(BlockJUnit4ClassRunner.java:70)
	at org.junit.runners.BlockJUnit4ClassRunner.runChild(BlockJUnit4ClassRunner.java:50)
	at org.junit.runners.ParentRunner$3.run(ParentRunner.java:238)
	at org.junit.runners.ParentRunner$1.schedule(ParentRunner.java:63)
	at org.junit.runners.ParentRunner.runChildren(ParentRunner.java:236)
	at org.junit.runners.ParentRunner.access$000(ParentRunner.java:53)
	at org.junit.runners.ParentRunner$2.evaluate(ParentRunner.java:229)
	at org.junit.runners.ParentRunner.run(ParentRunner.java:309)
	at org.apache.maven.surefire.junit4.JUnit4TestSet.execute(JUnit4TestSet.java:53)
	at org.apache.maven.surefire.junit4.JUnit4Provider.executeTestSet(JUnit4Provider.java:123)
	at org.apache.maven.surefire.junit4.JUnit4Provider.invoke(JUnit4Provider.java:104)
	at sun.reflect.NativeMethodAccessorImpl.invoke0(Native Method)
	at sun.reflect.NativeMethodAccessorImpl.invoke(NativeMethodAccessorImpl.java:62)
	at sun.reflect.DelegatingMethodAccessorImpl.invoke(DelegatingMethodAccessorImpl.java:43)
	at java.lang.reflect.Method.invoke(Method.java:497)
	at org.apache.maven.surefire.util.ReflectionUtils.invokeMethodWithArray(ReflectionUtils.java:164)
	at org.apache.maven.surefire.booter.ProviderFactory$ProviderProxy.invoke(ProviderFactory.java:110)
	at org.apache.maven.surefire.booter.SurefireStarter.invokeProvider(SurefireStarter.java:175)
	at org.apache.maven.surefire.booter.SurefireStarter.runSuitesInProcessWhenForked(SurefireStarter.java:107)
	at org.apache.maven.surefire.booter.ForkedBooter.main(ForkedBooter.java:68)
</error>
    <system-out>[EL Fine]: sql: 2016-05-29 21:54:19.346--ClientSession(373485230)--Connection(1152342155)--Thread(Thread[main,5,main])--SET FOREIGN_KEY_CHECKS=0;
[EL Fine]: sql: 2016-05-29 21:54:19.347--ClientSession(373485230)--Connection(1152342155)--Thread(Thread[main,5,main])--DELETE FROM USER
[EL Fine]: sql: 2016-05-29 21:54:19.348--ClientSession(373485230)--Connection(1152342155)--Thread(Thread[main,5,main])--DELETE FROM ITEM
[EL Fine]: sql: 2016-05-29 21:54:19.349--ClientSession(373485230)--Connection(1152342155)--Thread(Thread[main,5,main])--DELETE FROM CATEGORY
[EL Fine]: sql: 2016-05-29 21:54:19.351--ClientSession(373485230)--Connection(1152342155)--Thread(Thread[main,5,main])--DELETE FROM BID
[EL Fine]: sql: 2016-05-29 21:54:19.352--ClientSession(373485230)--Connection(1152342155)--Thread(Thread[main,5,main])--SET FOREIGN_KEY_CHECKS=1;
[EL Fine]: sql: 2016-05-29 21:54:19.356--ServerSession(445288316)--Connection(1152342155)--Thread(Thread[main,5,main])--SELECT EMAIL FROM USER
[EL Fine]: sql: 2016-05-29 21:54:19.376--ServerSession(445288316)--Connection(1152342155)--Thread(Thread[main,5,main])--SELECT EMAIL FROM USER WHERE (EMAIL = ?)
	bind =&gt; [xxx8@yyy]
[EL Fine]: sql: 2016-05-29 21:54:19.378--ServerSession(445288316)--Connection(1152342155)--Thread(Thread[main,5,main])--SELECT EMAIL FROM USER WHERE (EMAIL = ?)
	bind =&gt; [xxx8@yyy]
[EL Fine]: sql: 2016-05-29 21:54:19.38--ClientSession(61334373)--Connection(1152342155)--Thread(Thread[main,5,main])--INSERT INTO USER (EMAIL) VALUES (?)
	bind =&gt; [xxx8@yyy]
[EL Fine]: sql: 2016-05-29 21:54:19.386--ServerSession(445288316)--Connection(1152342155)--Thread(Thread[main,5,main])--SELECT EMAIL FROM USER
-----------------------
auction.domain.User@7d986d83 auction.domain.User
auction.domain.User@7d986d83 auction.domain.User
[EL Fine]: sql: 2016-05-29 21:54:19.388--ServerSession(445288316)--Connection(1152342155)--Thread(Thread[main,5,main])--SELECT EMAIL FROM USER WHERE (EMAIL = ?)
	bind =&gt; [xxx9@yyy]
[EL Fine]: sql: 2016-05-29 21:54:19.391--ServerSession(445288316)--Connection(1152342155)--Thread(Thread[main,5,main])--SELECT EMAIL FROM USER WHERE (EMAIL = ?)
	bind =&gt; [xxx9@yyy]
[EL Fine]: sql: 2016-05-29 21:54:19.392--ClientSession(61334373)--Connection(1152342155)--Thread(Thread[main,5,main])--INSERT INTO USER (EMAIL) VALUES (?)
	bind =&gt; [xxx9@yyy]
[EL Fine]: sql: 2016-05-29 21:54:19.398--ServerSession(445288316)--Connection(1152342155)--Thread(Thread[main,5,main])--SELECT EMAIL FROM USER
[EL Fine]: sql: 2016-05-29 21:54:19.4--ServerSession(445288316)--Connection(1152342155)--Thread(Thread[main,5,main])--SELECT EMAIL FROM USER
</system-out>
  </testcase>
</testsuite>