<?xml version="1.0" encoding="UTF-8" ?>
<testsuite tests="2" failures="2" name="auction.service.ItemsFromSellerTest" time="8.871" errors="0" skipped="0">
  <properties>
[...]
</properties>
  <testcase classname="auction.service.ItemsFromSellerTest" name="numberOfOfferdItems" time="0.21">
    <failure message="expected:&lt;1&gt; but was:&lt;0&gt;" type="java.lang.AssertionError">java.lang.AssertionError: expected:&lt;1&gt; but was:&lt;0&gt;
	at org.junit.Assert.fail(Assert.java:88)
	at org.junit.Assert.failNotEquals(Assert.java:743)
	at org.junit.Assert.assertEquals(Assert.java:118)
	at org.junit.Assert.assertEquals(Assert.java:555)
	at org.junit.Assert.assertEquals(Assert.java:542)
	at auction.service.ItemsFromSellerTest.numberOfOfferdItems(ItemsFromSellerTest.java:50)
	at sun.reflect.NativeMethodAccessorImpl.invoke0(Native Method)
	at sun.reflect.NativeMethodAccessorImpl.invoke(NativeMethodAccessorImpl.java:62)
	at sun.reflect.DelegatingMethodAccessorImpl.invoke(DelegatingMethodAccessorImpl.java:43)
	at java.lang.reflect.Method.invoke(Method.java:497)
	at org.junit.runners.model.FrameworkMethod$1.runReflectiveCall(FrameworkMethod.java:47)
	at org.junit.internal.runners.model.ReflectiveCallable.run(ReflectiveCallable.java:12)
	at org.junit.runners.model.FrameworkMethod.invokeExplosively(FrameworkMethod.java:44)
	at org.junit.internal.runners.statements.InvokeMethod.evaluate(InvokeMethod.java:17)
	at org.junit.internal.runners.statements.RunBefores.evaluate(RunBefores.java:26)
	at org.junit.runners.ParentRunner.runLeaf(ParentRunner.java:271)
	at org.junit.runners.BlockJUnit4ClassRunner.runChild(BlockJUnit4ClassRunner.java:70)
	at org.junit.runners.BlockJUnit4ClassRunner.runChild(BlockJUnit4ClassRunner.java:50)
	at org.junit.runners.ParentRunner$3.run(ParentRunner.java:238)
	at org.junit.runners.ParentRunner$1.schedule(ParentRunner.java:63)
	at org.junit.runners.ParentRunner.runChildren(ParentRunner.java:236)
	at org.junit.runners.ParentRunner.access$000(ParentRunner.java:53)
	at org.junit.runners.ParentRunner$2.evaluate(ParentRunner.java:229)
	at org.junit.runners.ParentRunner.run(ParentRunner.java:309)
	at org.apache.maven.surefire.junit4.JUnit4TestSet.execute(JUnit4TestSet.java:53)
	at org.apache.maven.surefire.junit4.JUnit4Provider.executeTestSet(JUnit4Provider.java:123)
	at org.apache.maven.surefire.junit4.JUnit4Provider.invoke(JUnit4Provider.java:104)
	at sun.reflect.NativeMethodAccessorImpl.invoke0(Native Method)
	at sun.reflect.NativeMethodAccessorImpl.invoke(NativeMethodAccessorImpl.java:62)
	at sun.reflect.DelegatingMethodAccessorImpl.invoke(DelegatingMethodAccessorImpl.java:43)
	at java.lang.reflect.Method.invoke(Method.java:497)
	at org.apache.maven.surefire.util.ReflectionUtils.invokeMethodWithArray(ReflectionUtils.java:164)
	at org.apache.maven.surefire.booter.ProviderFactory$ProviderProxy.invoke(ProviderFactory.java:110)
	at org.apache.maven.surefire.booter.SurefireStarter.invokeProvider(SurefireStarter.java:175)
	at org.apache.maven.surefire.booter.SurefireStarter.runSuitesInProcessWhenForked(SurefireStarter.java:107)
	at org.apache.maven.surefire.booter.ForkedBooter.main(ForkedBooter.java:68)
</failure>
    <system-out>[EL Config]: metadata: 2016-05-29 22:00:03.237--ServerSession(1297149880)--Thread(Thread[main,5,main])--The access type for the persistent class [class auction.domain.Bid] is set to [FIELD].
[EL Config]: metadata: 2016-05-29 22:00:03.328--ServerSession(1297149880)--Thread(Thread[main,5,main])--The target entity (reference) class for the many to one mapping element [field buyer] is being defaulted to: class auction.domain.User.
[EL Config]: metadata: 2016-05-29 22:00:03.329--ServerSession(1297149880)--Thread(Thread[main,5,main])--The access type for the persistent class [class auction.domain.Item] is set to [FIELD].
[EL Config]: metadata: 2016-05-29 22:00:03.331--ServerSession(1297149880)--Thread(Thread[main,5,main])--The target entity (reference) class for the many to one mapping element [field seller] is being defaulted to: class auction.domain.User.
[EL Config]: metadata: 2016-05-29 22:00:03.333--ServerSession(1297149880)--Thread(Thread[main,5,main])--The target entity (reference) class for the one to one mapping element [field highest] is being defaulted to: class auction.domain.Bid.
[EL Config]: metadata: 2016-05-29 22:00:03.341--ServerSession(1297149880)--Thread(Thread[main,5,main])--The target entity (reference) class for the many to one mapping element [field category] is being defaulted to: class auction.domain.Category.
[EL Config]: metadata: 2016-05-29 22:00:03.344--ServerSession(1297149880)--Thread(Thread[main,5,main])--The access type for the persistent class [class auction.domain.User] is set to [FIELD].
[EL Config]: metadata: 2016-05-29 22:00:03.366--ServerSession(1297149880)--Thread(Thread[main,5,main])--The target entity (reference) class for the one to many mapping element [field offeredItems] is being defaulted to: class auction.domain.Item.
[EL Config]: metadata: 2016-05-29 22:00:03.368--ServerSession(1297149880)--Thread(Thread[main,5,main])--The access type for the persistent class [class auction.domain.Category] is set to [FIELD].
[EL Config]: metadata: 2016-05-29 22:00:03.369--ServerSession(1297149880)--Thread(Thread[main,5,main])--The target entity (reference) class for the one to many mapping element [field items] is being defaulted to: class auction.domain.Item.
[EL Config]: metadata: 2016-05-29 22:00:03.373--ServerSession(1297149880)--Thread(Thread[main,5,main])--The alias name for the entity class [class auction.domain.Bid] is being defaulted to: Bid.
[EL Config]: metadata: 2016-05-29 22:00:03.377--ServerSession(1297149880)--Thread(Thread[main,5,main])--The table name for entity [class auction.domain.Bid] is being defaulted to: BID.
[EL Config]: metadata: 2016-05-29 22:00:03.417--ServerSession(1297149880)--Thread(Thread[main,5,main])--The column name for element [amount] is being defaulted to: AMOUNT.
[EL Config]: metadata: 2016-05-29 22:00:03.429--ServerSession(1297149880)--Thread(Thread[main,5,main])--The column name for element [id] is being defaulted to: ID.
[EL Config]: metadata: 2016-05-29 22:00:03.43--ServerSession(1297149880)--Thread(Thread[main,5,main])--The column name for element [time] is being defaulted to: TIME.
[EL Config]: metadata: 2016-05-29 22:00:03.432--ServerSession(1297149880)--Thread(Thread[main,5,main])--The alias name for the entity class [class auction.domain.Item] is being defaulted to: Item.
[EL Config]: metadata: 2016-05-29 22:00:03.434--ServerSession(1297149880)--Thread(Thread[main,5,main])--The table name for entity [class auction.domain.Item] is being defaulted to: ITEM.
[EL Config]: metadata: 2016-05-29 22:00:03.438--ServerSession(1297149880)--Thread(Thread[main,5,main])--The column name for element [description] is being defaulted to: DESCRIPTION.
[EL Config]: metadata: 2016-05-29 22:00:03.439--ServerSession(1297149880)--Thread(Thread[main,5,main])--The column name for element [id] is being defaulted to: ID.
[EL Config]: metadata: 2016-05-29 22:00:03.441--ServerSession(1297149880)--Thread(Thread[main,5,main])--The alias name for the entity class [class auction.domain.User] is being defaulted to: User.
[EL Config]: metadata: 2016-05-29 22:00:03.444--ServerSession(1297149880)--Thread(Thread[main,5,main])--The table name for entity [class auction.domain.User] is being defaulted to: USER.
[EL Config]: metadata: 2016-05-29 22:00:03.446--ServerSession(1297149880)--Thread(Thread[main,5,main])--The column name for element [email] is being defaulted to: EMAIL.
[EL Config]: metadata: 2016-05-29 22:00:03.449--ServerSession(1297149880)--Thread(Thread[main,5,main])--The alias name for the entity class [class auction.domain.Category] is being defaulted to: Category.
[EL Config]: metadata: 2016-05-29 22:00:03.45--ServerSession(1297149880)--Thread(Thread[main,5,main])--The table name for entity [class auction.domain.Category] is being defaulted to: CATEGORY.
[EL Config]: metadata: 2016-05-29 22:00:03.455--ServerSession(1297149880)--Thread(Thread[main,5,main])--The column name for element [description] is being defaulted to: DESCRIPTION.
[EL Config]: metadata: 2016-05-29 22:00:03.51--ServerSession(1297149880)--Thread(Thread[main,5,main])--The primary key column name for the mapping element [field buyer] is being defaulted to: EMAIL.
[EL Config]: metadata: 2016-05-29 22:00:03.51--ServerSession(1297149880)--Thread(Thread[main,5,main])--The foreign key column name for the mapping element [buyer] is being defaulted to: BUYER_EMAIL.
[EL Config]: metadata: 2016-05-29 22:00:03.511--ServerSession(1297149880)--Thread(Thread[main,5,main])--The primary key column name for the mapping element [field seller] is being defaulted to: EMAIL.
[EL Config]: metadata: 2016-05-29 22:00:03.512--ServerSession(1297149880)--Thread(Thread[main,5,main])--The foreign key column name for the mapping element [seller] is being defaulted to: SELLER_EMAIL.
[EL Config]: metadata: 2016-05-29 22:00:03.513--ServerSession(1297149880)--Thread(Thread[main,5,main])--The primary key column name for the mapping element [field highest] is being defaulted to: ID.
[EL Config]: metadata: 2016-05-29 22:00:03.519--ServerSession(1297149880)--Thread(Thread[main,5,main])--The foreign key column name for the mapping element [highest] is being defaulted to: HIGHEST_ID.
[EL Config]: metadata: 2016-05-29 22:00:03.52--ServerSession(1297149880)--Thread(Thread[main,5,main])--The primary key column name for the mapping element [field category] is being defaulted to: DESCRIPTION.
[EL Config]: metadata: 2016-05-29 22:00:03.521--ServerSession(1297149880)--Thread(Thread[main,5,main])--The foreign key column name for the mapping element [category] is being defaulted to: CATEGORY_DESCRIPTION.
[EL Info]: 2016-05-29 22:00:05.63--ServerSession(1297149880)--Thread(Thread[main,5,main])--EclipseLink, version: Eclipse Persistence Services - 2.5.2.v20140319-9ad6abd
[EL Fine]: connection: 2016-05-29 22:00:06.23--Thread(Thread[main,5,main])--Detected database platform: org.eclipse.persistence.platform.database.MySQLPlatform
[EL Config]: connection: 2016-05-29 22:00:06.253--ServerSession(1297149880)--Connection(1510162775)--Thread(Thread[main,5,main])--connecting(DatabaseLogin(
	platform=&gt;MySQLPlatform
	user name=&gt; &quot;root&quot;
	datasource URL=&gt; &quot;jdbc:mysql://localhost:3306/seweek1?zeroDateTimeBehavior=convertToNull&quot;
))
[EL Config]: connection: 2016-05-29 22:00:06.283--ServerSession(1297149880)--Connection(459875531)--Thread(Thread[main,5,main])--Connected: jdbc:mysql://localhost:3306/seweek1?zeroDateTimeBehavior=convertToNull
	User: root@localhost
	Database: MySQL  Version: 5.7.12-log
	Driver: MySQL Connector Java  Version: mysql-connector-java-6.0.2 ( Revision: c6da0fe501ad43d4ed6483b60ea796dc9fbe2d7b )
[EL Info]: connection: 2016-05-29 22:00:06.674--ServerSession(1297149880)--Thread(Thread[main,5,main])--file:/C:/Users/Bart.DellFish-Laptop/Documents/GitHub/Opdr4SE42/auction/target/classes/_nl.fhict.se42_auction_jar_1.0-SNAPSHOTPU login successful
[EL Fine]: sql: 2016-05-29 22:00:06.702--ServerSession(1297149880)--Connection(459875531)--Thread(Thread[main,5,main])--ALTER TABLE ITEM DROP FOREIGN KEY FK_ITEM_CATEGORY_DESCRIPTION
[EL Fine]: sql: 2016-05-29 22:00:07.199--ServerSession(1297149880)--Connection(459875531)--Thread(Thread[main,5,main])--ALTER TABLE ITEM DROP FOREIGN KEY FK_ITEM_SELLER_EMAIL
[EL Fine]: sql: 2016-05-29 22:00:07.657--ServerSession(1297149880)--Connection(459875531)--Thread(Thread[main,5,main])--ALTER TABLE ITEM DROP FOREIGN KEY FK_ITEM_HIGHEST_ID
[EL Fine]: sql: 2016-05-29 22:00:07.968--ServerSession(1297149880)--Connection(459875531)--Thread(Thread[main,5,main])--ALTER TABLE BID DROP FOREIGN KEY FK_BID_BUYER_EMAIL
[EL Fine]: sql: 2016-05-29 22:00:08.406--ServerSession(1297149880)--Connection(459875531)--Thread(Thread[main,5,main])--DROP TABLE USER
[EL Fine]: sql: 2016-05-29 22:00:08.439--ServerSession(1297149880)--Connection(459875531)--Thread(Thread[main,5,main])--DROP TABLE ITEM
[EL Fine]: sql: 2016-05-29 22:00:08.469--ServerSession(1297149880)--Connection(459875531)--Thread(Thread[main,5,main])--DROP TABLE BID
[EL Fine]: sql: 2016-05-29 22:00:08.527--ServerSession(1297149880)--Connection(459875531)--Thread(Thread[main,5,main])--DROP TABLE CATEGORY
[EL Fine]: sql: 2016-05-29 22:00:08.553--ServerSession(1297149880)--Connection(459875531)--Thread(Thread[main,5,main])--CREATE TABLE USER (EMAIL VARCHAR(255) NOT NULL, PRIMARY KEY (EMAIL))
[EL Fine]: sql: 2016-05-29 22:00:08.66--ServerSession(1297149880)--Connection(459875531)--Thread(Thread[main,5,main])--CREATE TABLE ITEM (ID BIGINT NOT NULL, DESCRIPTION VARCHAR(255), CATEGORY_DESCRIPTION VARCHAR(255), SELLER_EMAIL VARCHAR(255), HIGHEST_ID BIGINT, PRIMARY KEY (ID))
[EL Fine]: sql: 2016-05-29 22:00:08.768--ServerSession(1297149880)--Connection(459875531)--Thread(Thread[main,5,main])--CREATE TABLE BID (ID BIGINT NOT NULL, AMOUNT LONGBLOB, TIME LONGBLOB, BUYER_EMAIL VARCHAR(255), PRIMARY KEY (ID))
[EL Fine]: sql: 2016-05-29 22:00:09.305--ServerSession(1297149880)--Connection(459875531)--Thread(Thread[main,5,main])--CREATE TABLE CATEGORY (DESCRIPTION VARCHAR(255) NOT NULL, PRIMARY KEY (DESCRIPTION))
[EL Fine]: sql: 2016-05-29 22:00:09.475--ServerSession(1297149880)--Connection(459875531)--Thread(Thread[main,5,main])--ALTER TABLE ITEM ADD CONSTRAINT FK_ITEM_CATEGORY_DESCRIPTION FOREIGN KEY (CATEGORY_DESCRIPTION) REFERENCES CATEGORY (DESCRIPTION)
[EL Fine]: sql: 2016-05-29 22:00:09.665--ServerSession(1297149880)--Connection(459875531)--Thread(Thread[main,5,main])--ALTER TABLE ITEM ADD CONSTRAINT FK_ITEM_SELLER_EMAIL FOREIGN KEY (SELLER_EMAIL) REFERENCES USER (EMAIL)
[EL Fine]: sql: 2016-05-29 22:00:09.863--ServerSession(1297149880)--Connection(459875531)--Thread(Thread[main,5,main])--ALTER TABLE ITEM ADD CONSTRAINT FK_ITEM_HIGHEST_ID FOREIGN KEY (HIGHEST_ID) REFERENCES BID (ID)
[EL Fine]: sql: 2016-05-29 22:00:10.023--ServerSession(1297149880)--Connection(459875531)--Thread(Thread[main,5,main])--ALTER TABLE BID ADD CONSTRAINT FK_BID_BUYER_EMAIL FOREIGN KEY (BUYER_EMAIL) REFERENCES USER (EMAIL)
[EL Fine]: sql: 2016-05-29 22:00:10.162--ServerSession(1297149880)--Connection(459875531)--Thread(Thread[main,5,main])--DELETE FROM SEQUENCE WHERE SEQ_NAME = SEQ_GEN
[EL Fine]: sql: 2016-05-29 22:00:10.168--ServerSession(1297149880)--Connection(459875531)--Thread(Thread[main,5,main])--SELECT * FROM SEQUENCE WHERE SEQ_NAME = SEQ_GEN
[EL Fine]: sql: 2016-05-29 22:00:10.17--ServerSession(1297149880)--Connection(459875531)--Thread(Thread[main,5,main])--INSERT INTO SEQUENCE(SEQ_NAME, SEQ_COUNT) values (SEQ_GEN, 0)
[EL Fine]: sql: 2016-05-29 22:00:10.31--ClientSession(1268124507)--Connection(459875531)--Thread(Thread[main,5,main])--SET FOREIGN_KEY_CHECKS=0;
[EL Fine]: sql: 2016-05-29 22:00:10.329--ClientSession(1268124507)--Connection(459875531)--Thread(Thread[main,5,main])--DELETE FROM USER
[EL Fine]: sql: 2016-05-29 22:00:10.336--ClientSession(1268124507)--Connection(459875531)--Thread(Thread[main,5,main])--DELETE FROM ITEM
[EL Fine]: sql: 2016-05-29 22:00:10.34--ClientSession(1268124507)--Connection(459875531)--Thread(Thread[main,5,main])--DELETE FROM CATEGORY
[EL Fine]: sql: 2016-05-29 22:00:10.348--ClientSession(1268124507)--Connection(459875531)--Thread(Thread[main,5,main])--DELETE FROM BID
[EL Fine]: sql: 2016-05-29 22:00:10.351--ClientSession(1268124507)--Connection(459875531)--Thread(Thread[main,5,main])--SET FOREIGN_KEY_CHECKS=1;
[EL Fine]: sql: 2016-05-29 22:00:10.374--ServerSession(1297149880)--Connection(459875531)--Thread(Thread[main,5,main])--SELECT EMAIL FROM USER WHERE (EMAIL = ?)
	bind =&gt; [ifu1@nl]
[EL Fine]: sql: 2016-05-29 22:00:10.377--ServerSession(1297149880)--Connection(459875531)--Thread(Thread[main,5,main])--SELECT EMAIL FROM USER WHERE (EMAIL = ?)
	bind =&gt; [ifu1@nl]
[EL Fine]: sql: 2016-05-29 22:00:10.392--ClientSession(513241240)--Connection(459875531)--Thread(Thread[main,5,main])--INSERT INTO USER (EMAIL) VALUES (?)
	bind =&gt; [ifu1@nl]
</system-out>
    <system-err>Loading class `com.mysql.jdbc.Driver&apos;. This is deprecated. The new driver class is `com.mysql.cj.jdbc.Driver&apos;. The driver is automatically registered via the SPI and manual loading of the driver class is generally unnecessary.
Sun May 29 22:00:06 CEST 2016 WARN: Establishing SSL connection without server&apos;s identity verification is not recommended. According to MySQL 5.5.45+, 5.6.26+ and 5.7.6+ requirements SSL connection must be established by default if explicit option isn&apos;t set. For compliance with existing applications not using SSL the verifyServerCertificate property is set to &apos;false&apos;. You need either to explicitly disable SSL by setting useSSL=false, or set useSSL=true and provide truststore for server certificate verification.
Sun May 29 22:00:06 CEST 2016 WARN: Establishing SSL connection without server&apos;s identity verification is not recommended. According to MySQL 5.5.45+, 5.6.26+ and 5.7.6+ requirements SSL connection must be established by default if explicit option isn&apos;t set. For compliance with existing applications not using SSL the verifyServerCertificate property is set to &apos;false&apos;. You need either to explicitly disable SSL by setting useSSL=false, or set useSSL=true and provide truststore for server certificate verification.
</system-err>
  </testcase>
  <testcase classname="auction.service.ItemsFromSellerTest" name="getItemsFromSeller" time="0.05">
    <failure type="java.lang.AssertionError">java.lang.AssertionError
	at org.junit.Assert.fail(Assert.java:86)
	at org.junit.Assert.assertTrue(Assert.java:41)
	at org.junit.Assert.assertTrue(Assert.java:52)
	at auction.service.ItemsFromSellerTest.getItemsFromSeller(ItemsFromSellerTest.java:98)
	at sun.reflect.NativeMethodAccessorImpl.invoke0(Native Method)
	at sun.reflect.NativeMethodAccessorImpl.invoke(NativeMethodAccessorImpl.java:62)
	at sun.reflect.DelegatingMethodAccessorImpl.invoke(DelegatingMethodAccessorImpl.java:43)
	at java.lang.reflect.Method.invoke(Method.java:497)
	at org.junit.runners.model.FrameworkMethod$1.runReflectiveCall(FrameworkMethod.java:47)
	at org.junit.internal.runners.model.ReflectiveCallable.run(ReflectiveCallable.java:12)
	at org.junit.runners.model.FrameworkMethod.invokeExplosively(FrameworkMethod.java:44)
	at org.junit.internal.runners.statements.InvokeMethod.evaluate(InvokeMethod.java:17)
	at org.junit.internal.runners.statements.RunBefores.evaluate(RunBefores.java:26)
	at org.junit.runners.ParentRunner.runLeaf(ParentRunner.java:271)
	at org.junit.runners.BlockJUnit4ClassRunner.runChild(BlockJUnit4ClassRunner.java:70)
	at org.junit.runners.BlockJUnit4ClassRunner.runChild(BlockJUnit4ClassRunner.java:50)
	at org.junit.runners.ParentRunner$3.run(ParentRunner.java:238)
	at org.junit.runners.ParentRunner$1.schedule(ParentRunner.java:63)
	at org.junit.runners.ParentRunner.runChildren(ParentRunner.java:236)
	at org.junit.runners.ParentRunner.access$000(ParentRunner.java:53)
	at org.junit.runners.ParentRunner$2.evaluate(ParentRunner.java:229)
	at org.junit.runners.ParentRunner.run(ParentRunner.java:309)
	at org.apache.maven.surefire.junit4.JUnit4TestSet.execute(JUnit4TestSet.java:53)
	at org.apache.maven.surefire.junit4.JUnit4Provider.executeTestSet(JUnit4Provider.java:123)
	at org.apache.maven.surefire.junit4.JUnit4Provider.invoke(JUnit4Provider.java:104)
	at sun.reflect.NativeMethodAccessorImpl.invoke0(Native Method)
	at sun.reflect.NativeMethodAccessorImpl.invoke(NativeMethodAccessorImpl.java:62)
	at sun.reflect.DelegatingMethodAccessorImpl.invoke(DelegatingMethodAccessorImpl.java:43)
	at java.lang.reflect.Method.invoke(Method.java:497)
	at org.apache.maven.surefire.util.ReflectionUtils.invokeMethodWithArray(ReflectionUtils.java:164)
	at org.apache.maven.surefire.booter.ProviderFactory$ProviderProxy.invoke(ProviderFactory.java:110)
	at org.apache.maven.surefire.booter.SurefireStarter.invokeProvider(SurefireStarter.java:175)
	at org.apache.maven.surefire.booter.SurefireStarter.runSuitesInProcessWhenForked(SurefireStarter.java:107)
	at org.apache.maven.surefire.booter.ForkedBooter.main(ForkedBooter.java:68)
</failure>
    <system-out>[EL Fine]: sql: 2016-05-29 22:00:10.48--ClientSession(2107853606)--Connection(459875531)--Thread(Thread[main,5,main])--SET FOREIGN_KEY_CHECKS=0;
[EL Fine]: sql: 2016-05-29 22:00:10.482--ClientSession(2107853606)--Connection(459875531)--Thread(Thread[main,5,main])--DELETE FROM USER
[EL Fine]: sql: 2016-05-29 22:00:10.483--ClientSession(2107853606)--Connection(459875531)--Thread(Thread[main,5,main])--DELETE FROM ITEM
[EL Fine]: sql: 2016-05-29 22:00:10.484--ClientSession(2107853606)--Connection(459875531)--Thread(Thread[main,5,main])--DELETE FROM CATEGORY
[EL Fine]: sql: 2016-05-29 22:00:10.485--ClientSession(2107853606)--Connection(459875531)--Thread(Thread[main,5,main])--DELETE FROM BID
[EL Fine]: sql: 2016-05-29 22:00:10.487--ClientSession(2107853606)--Connection(459875531)--Thread(Thread[main,5,main])--SET FOREIGN_KEY_CHECKS=1;
[EL Fine]: sql: 2016-05-29 22:00:10.491--ServerSession(1297149880)--Connection(459875531)--Thread(Thread[main,5,main])--SELECT EMAIL FROM USER WHERE (EMAIL = ?)
	bind =&gt; [ifu1@nl]
[EL Fine]: sql: 2016-05-29 22:00:10.492--ServerSession(1297149880)--Connection(459875531)--Thread(Thread[main,5,main])--SELECT EMAIL FROM USER WHERE (EMAIL = ?)
	bind =&gt; [ifu1@nl]
[EL Fine]: sql: 2016-05-29 22:00:10.494--ClientSession(1174641185)--Connection(459875531)--Thread(Thread[main,5,main])--INSERT INTO USER (EMAIL) VALUES (?)
	bind =&gt; [ifu1@nl]
</system-out>
  </testcase>
</testsuite>